2025-03-28 17:14:38.972037 - Received CBT.V508.FILE171.PDS from FILE171.XMI 
2025-03-28 17:14:38.973551 - Found $$$#DATE.txt (text/plain) in CBT.V508.FILE171.PDS, moved to PDS/$$$#DATE
2025-03-28 17:14:38.974412 - Found $$$DOC.txt (text/plain) in CBT.V508.FILE171.PDS, moved to PDS/$$$DOC
2025-03-28 17:14:38.975630 - Found @FILE171.txt (text/plain) in CBT.V508.FILE171.PDS, moved to PDS/@FILE171
2025-03-28 17:14:38.976948 - Found DISASJCL.txt (text/plain) in CBT.V508.FILE171.PDS, moved to PDS/DISASJCL
2025-03-28 17:14:38.978111 - Found DISASMAC.txt (text/plain) in CBT.V508.FILE171.PDS, moved to PDS/DISASMAC
2025-03-28 17:14:38.980822 - Found DISASSRC.txt (text/plain) in CBT.V508.FILE171.PDS, moved to PDS/DISASSRC
2025-03-28 17:14:38.981567 - Found DLIUTIL$.eml (message/rfc822) in CBT.V508.FILE171.PDS, moved to PDS/DLIUTIL$
2025-03-28 17:14:38.982772 - Found DLIUTILS.txt (text/plain) in CBT.V508.FILE171.PDS, moved to PDS/DLIUTILS
2025-03-28 17:14:38.984483 - Found FXDOC.txt (text/plain) in CBT.V508.FILE171.PDS, moved to PDS/FXDOC
2025-03-28 17:14:38.985883 - Found FXJCL.txt (text/plain) in CBT.V508.FILE171.PDS, moved to PDS/FXJCL
2025-03-28 17:14:38.987668 - Found FXMAC.txt (text/plain) in CBT.V508.FILE171.PDS, moved to PDS/FXMAC
2025-03-28 17:14:38.993126 - Found FXSRC.txt (text/plain) in CBT.V508.FILE171.PDS, moved to PDS/FXSRC
2025-03-28 17:14:38.993736 - Found IEFUTL.txt (text/plain) in CBT.V508.FILE171.PDS, moved to PDS/IEFUTL
2025-03-28 17:14:38.994361 - Found IEFUTL#.txt (text/plain) in CBT.V508.FILE171.PDS, moved to PDS/IEFUTL#
2025-03-28 17:14:38.995821 - Found SMFSPLIT.txt (text/plain) in CBT.V508.FILE171.PDS, moved to PDS/SMFSPLIT
2025-03-28 17:14:38.997094 - Found SUTLJCL.txt (text/plain) in CBT.V508.FILE171.PDS, moved to PDS/SUTLJCL
2025-03-28 17:14:38.998367 - Found SUTLMAC.txt (text/plain) in CBT.V508.FILE171.PDS, moved to PDS/SUTLMAC
2025-03-28 17:14:38.999067 - Found SUTLPNL.txt (text/plain) in CBT.V508.FILE171.PDS, moved to PDS/SUTLPNL
2025-03-28 17:14:38.999699 - Found SUTLREX.txt (text/plain) in CBT.V508.FILE171.PDS, moved to PDS/SUTLREX
2025-03-28 17:14:39.002663 - Found SUTLSRC.txt (text/plain) in CBT.V508.FILE171.PDS, moved to PDS/SUTLSRC
2025-03-28 17:14:39.003528 - Found TAPEMJCL.txt (text/plain) in CBT.V508.FILE171.PDS, moved to PDS/TAPEMJCL
2025-03-28 17:14:39.004646 - Found TAPEMMAC.txt (text/plain) in CBT.V508.FILE171.PDS, moved to PDS/TAPEMMAC
2025-03-28 17:14:39.008136 - Found TAPEMSRC.txt (text/plain) in CBT.V508.FILE171.PDS, moved to PDS/TAPEMSRC
2025-03-28 17:14:39.009475 - Found TPXJCL.txt (text/plain) in CBT.V508.FILE171.PDS, moved to PDS/TPXJCL
2025-03-28 17:14:39.010698 - Found TPXMAC.txt (text/plain) in CBT.V508.FILE171.PDS, moved to PDS/TPXMAC
2025-03-28 17:14:39.015988 - Found TPXSRC.txt (text/plain) in CBT.V508.FILE171.PDS, moved to PDS/TPXSRC
